<?xml version="1.0" encoding="UTF-8"?>
<!-- Generated by org.testng.reporters.JUnitReportReporter -->
<testsuite hostname="DESKTOP-E57FEQI" failures="0" tests="1" name="TestNG.TestNG_Test_Class" time="0.044" errors="0" timestamp="2022-07-26T06:49:03 IST" skipped="0">
  <testcase classname="TestNG.TestNG_Test_Class" name="test" time="0.044"/>
  <system-out>
    <![CDATA[Quantum Academy]]>
  </system-out>
</testsuite> <!-- TestNG.TestNG_Test_Class -->
