<?xml version="1.0" encoding="UTF-8"?>
<!-- Generated by org.testng.reporters.JUnitReportReporter -->
<testsuite hostname="DESKTOP-E57FEQI" failures="0" tests="1" name="TestNG.sample2" time="0.029" errors="0" timestamp="2022-07-29T06:38:31 IST" skipped="0">
  <testcase classname="TestNG.sample2" name="TC6" time="0.029"/>
  <system-out/>
</testsuite> <!-- TestNG.sample2 -->
