<?xml version="1.0" encoding="UTF-8"?>
<!-- Generated by org.testng.reporters.JUnitReportReporter -->
<testsuite hostname="DESKTOP-E57FEQI" failures="0" tests="3" name="TestNG.sample3" time="0.014" errors="0" timestamp="2022-07-29T06:36:34 IST" skipped="0">
  <testcase classname="TestNG.sample3" name="TC9" time="0.006"/>
  <system-out/>
  <testcase classname="TestNG.sample3" name="TC8" time="0.005"/>
  <system-out/>
  <testcase classname="TestNG.sample3" name="TC10" time="0.003"/>
  <system-out/>
</testsuite> <!-- TestNG.sample3 -->
