<?xml version="1.0" encoding="UTF-8"?>
<!-- Generated by org.testng.reporters.JUnitReportReporter -->
<testsuite hostname="DESKTOP-E57FEQI" failures="0" tests="3" name="TestNG.TestNG_Group" time="0.038" errors="0" timestamp="2022-07-29T06:51:07 IST" skipped="0">
  <testcase classname="TestNG.TestNG_Group" name="TC6" time="0.007"/>
  <system-out/>
  <testcase classname="TestNG.TestNG_Group" name="TC1" time="0.025"/>
  <system-out/>
  <testcase classname="TestNG.TestNG_Group" name="TC3" time="0.006"/>
  <system-out/>
</testsuite> <!-- TestNG.TestNG_Group -->
