<?xml version="1.0" encoding="UTF-8"?>
<!-- Generated by org.testng.reporters.JUnitReportReporter -->
<testsuite hostname="DESKTOP-E57FEQI" failures="0" tests="4" name="TestNG.dataProviderAnnotation" time="0.042" errors="0" timestamp="2022-08-02T06:18:49 IST" skipped="0">
  <testcase classname="TestNG.dataProviderAnnotation" name="display" time="0.021"/>
  <system-out/>
  <testcase classname="TestNG.dataProviderAnnotation" name="display" time="0.007"/>
  <system-out/>
  <testcase classname="TestNG.dataProviderAnnotation" name="display" time="0.007"/>
  <system-out/>
  <testcase classname="TestNG.dataProviderAnnotation" name="display" time="0.007"/>
  <system-out/>
</testsuite> <!-- TestNG.dataProviderAnnotation -->
