<?xml version="1.0" encoding="UTF-8"?>
<!-- Generated by org.testng.reporters.JUnitReportReporter -->
<testsuite hostname="DESKTOP-E57FEQI" failures="0" tests="1" name="TestNG.Parallel1" time="56.869" errors="0" timestamp="2022-07-29T07:06:36 IST" skipped="0">
  <testcase classname="TestNG.Parallel1" name="TC1" time="56.869"/>
  <system-out/>
</testsuite> <!-- TestNG.Parallel1 -->
