<?xml version="1.0" encoding="UTF-8"?>
<!-- Generated by org.testng.reporters.JUnitReportReporter -->
<testsuite hostname="DESKTOP-E57FEQI" failures="0" tests="3" name="TestNG.sample1" time="0.032" errors="0" timestamp="2022-07-29T06:36:34 IST" skipped="0">
  <testcase classname="TestNG.sample1" name="TC1" time="0.024"/>
  <system-out/>
  <testcase classname="TestNG.sample1" name="TC3" time="0.003"/>
  <system-out/>
  <testcase classname="TestNG.sample1" name="TC2" time="0.005"/>
  <system-out/>
</testsuite> <!-- TestNG.sample1 -->
